
-----<< Problem 1: >>------
[2018-02-04 13:02:36.077624] make 
Inputs: 
STDOUT:
make: 'maze' is up to date.

STDERR:
PASS
-----<< Problem 1: >>------
[2018-02-04 13:02:36.121873] make maze
Inputs: 
STDOUT:
make: 'maze' is up to date.

STDERR:
PASS
-----<< Problem 1: >>------
[2018-02-04 13:02:36.157405] ./maze g_input1.txt
Inputs: 
STDOUT:
ENTER
UP
RIGHT
UP
UP
RIGHT
LEFT
LEFT
LEFT
UP
UP
RIGHT
RIGHT
RIGHT
LEFT
UP
UP
RIGHT
UP
UP
EXIT
***
ENTER
UP
RIGHT
RIGHT
RIGHT
UP
UP
UP
UP
UP
UP
LEFT
LEFT
UP
UP
RIGHT
RIGHT
RIGHT
EXIT
***
ENTER
UP
RIGHT
RIGHT
RIGHT
RIGHT
RIGHT
LEFT
... omitted 454 lines ...
DOWN
LEFT
LEFT
DOWN
LEFT
DOWN
LEFT
LEFT
UP
UP
RIGHT
LEFT
UP
UP
RIGHT
UP
RIGHT
LEFT
LEFT
LEFT
LEFT
UP
LEFT
LEFT
LEFT
LEFT
DOWN
RIGHT
DOWN
RIGHT
DOWN
RIGHT
RIGHT
DOWN
DOWN
LEFT
LEFT
LEFT
RIGHT
DOWN
DOWN
LEFT
LEFT
DOWN
DOWN
DOWN
LEFT
EXIT
***

STDERR:

-----<< Problem 1: >>------
[2018-02-04 13:02:36.191643] diff  -y --suppress-common-lines -B -b maze.output g_input1_output.master | wc -l
Inputs: 
STDOUT:
0

STDERR:
Found 0 differences (within acceptable tolerance)
PASS
-----<< Problem 1-new: >>------
[2018-02-04 13:02:36.234965] gcc -std=c99 -c maze.c
Inputs: 
STDOUT:

STDERR:
PASS
-----<< Problem 1-new: >>------
[2018-02-04 13:02:36.335109] ./maze g_input2.txt
Inputs: 
STDOUT:
ENTER
UP
RIGHT
UP
UP
RIGHT
LEFT
LEFT
LEFT
UP
UP
RIGHT
RIGHT
RIGHT
LEFT
UP
UP
RIGHT
UP
UP
EXIT
***
ENTER
UP
RIGHT
RIGHT
RIGHT
UP
UP
UP
UP
UP
UP
LEFT
LEFT
UP
UP
RIGHT
RIGHT
RIGHT
EXIT
***
ENTER
UP
RIGHT
RIGHT
RIGHT
RIGHT
RIGHT
LEFT
UP
DOWN
LEFT
LEFT
UP
LEFT
UP
DOWN
LEFT
LEFT
UP
LEFT
UP
LEFT
UP
UP
LEFT
RIGHT
DOWN
DOWN
LEFT
LEFT
UP
DOWN
DOWN
DOWN
LEFT
EXIT
***

STDERR:

-----<< Problem 1-new: >>------
[2018-02-04 13:02:36.399327] diff  -y --suppress-common-lines -B -b maze.output g_input2_output.master | wc -l
Inputs: 
STDOUT:
0

STDERR:
Found 0 differences (within acceptable tolerance)
PASS
-----<< Problem 2: >>------
[2018-02-04 13:02:36.450761] make clean
Inputs: 
STDOUT:
rm -f maze maze.o move_maze.o

STDERR:
PASS
-----<< Problem 2: >>------
[2018-02-04 13:02:36.502827] make 
Inputs: 
STDOUT:
gcc -o maze -std=c11 maze.c move_maze.c

STDERR:
PASSPASS
-----<< Problem 3: >>------
[2018-02-04 13:02:36.727488] cat ../testmaze.sh
Inputs: 
STDOUT:
#!/bin/bash

./maze input.txt > maze_output.txt
diff output.txt maze_output.txt

STDERR:

-----<< Problem 3: >>------
[2018-02-04 13:02:36.754373] bash testmaze.sh
Inputs: 
STDOUT:
1,454d0
< ENTER
< UP
< RIGHT
< UP
< UP
< RIGHT
< LEFT
< LEFT
< LEFT
< UP
< UP
< RIGHT
< RIGHT
< RIGHT
< LEFT
< UP
< UP
< RIGHT
< UP
< UP
< EXIT
< ***
< ENTER
< UP
< RIGHT
< RIGHT
< RIGHT
< UP
< UP
< UP
< UP
< UP
< UP
< LEFT
< LEFT
< UP
< UP
< RIGHT
< RIGHT
< RIGHT
< EXIT
< ***
< ENTER
< UP
< RIGHT
< RIGHT
< RIGHT
< RIGHT
< RIGHT
... omitted 455 lines ...
< DOWN
< LEFT
< LEFT
< DOWN
< LEFT
< DOWN
< LEFT
< LEFT
< UP
< UP
< RIGHT
< LEFT
< UP
< UP
< RIGHT
< UP
< RIGHT
< LEFT
< LEFT
< LEFT
< LEFT
< UP
< LEFT
< LEFT
< LEFT
< LEFT
< DOWN
< RIGHT
< DOWN
< RIGHT
< DOWN
< RIGHT
< RIGHT
< DOWN
< DOWN
< LEFT
< LEFT
< LEFT
< RIGHT
< DOWN
< DOWN
< LEFT
< LEFT
< DOWN
< DOWN
< DOWN
< LEFT
< EXIT
< ***

STDERR:
testmaze.sh: line 3: 15618 Segmentation fault      ./maze input.txt > maze_output.txt

-----<< Problem 4: >>------
[2018-02-04 13:02:36.794903] /bin/rm -f mazegen *.o && make -f g_Makefile mazegen
Inputs: 
STDOUT:

STDERR:
make: *** No rule to make target 'mazegen'.  Stop.

Error: Failed to link test program: mazegen.