
-----<< Problem 4-first: >>------
[2018-01-19 19:34:25.837653] gcc -std=c99 -c first.c
Inputs: 
STDOUT:

STDERR:
PASS
Comparing against master output:
[2018-01-19 19:34:25.941185] diff -y -B -b first.output first.master
Inputs: 
STDOUT:
							      >	** Welcome to Thinking in C **
							      >	(You'll be glad you came!)

STDERR:

-----<< Problem 4-first: >>------
[2018-01-19 19:34:25.973168] numdiffs=`diff  -B -b first.output first.master | wc -l`
Inputs: 
STDOUT:

STDERR:
Found 0 differences (within acceptable tolerance)
PASS
-----<< Problem 4-avg: >>------
[2018-01-19 19:34:26.033508] gcc -std=c99 -c avg.c
Inputs: 
STDOUT:

STDERR:
PASS
-----<< Problem 4-avg: >>------
[2018-01-19 19:34:26.126658] ./avg
Inputs: 10
12

STDOUT:
Enter the 1st number:
Enter the 2nd number:
The average is 11.000000

STDERR:

-----<< Problem 4-avg: >>------
[2018-01-19 19:34:26.158569] ./avg
Inputs: 89
-3

STDOUT:
Enter the 1st number:
Enter the 2nd number:
The average is 43.000000

STDERR:

Comparing against master output:
[2018-01-19 19:34:26.196607] diff -y -B -b avg.output avg.master
Inputs: 
STDOUT:
Enter the 1st number:						Enter the 1st number:
Enter the 2nd number:						Enter the 2nd number:
The average is 11.000000					The average is 11.000000
Enter the 1st number:						Enter the 1st number:
Enter the 2nd number:						Enter the 2nd number:
The average is 43.000000					The average is 43.000000

STDERR:

-----<< Problem 4-avg: >>------
[2018-01-19 19:34:26.229807] numdiffs=`diff  -B -b avg.output avg.master | wc -l`
Inputs: 
STDOUT:

STDERR:
Found 0 differences (within acceptable tolerance)
PASS
-----<< Problem 4-rps: >>------
[2018-01-19 19:34:26.290284] gcc -std=c99 -c rps.c
Inputs: 
STDOUT:

STDERR:
PASS
-----<< Problem 4-rps: >>------
[2018-01-19 19:34:26.407619] ./rps
Inputs: scissors
rock
paper
22
rockkk

STDOUT:
Enter rock, paper, or scissors:You picked scissors.
Computer picked scissors.
This game is a tie..

STDERR:
PASS